android/app/build/outputs/logs/manifest-merger-debug-report.txt
-- Merging decision tree log ---
manifest
ADDED from src/main/AndroidManifest.xml:1:1-32:12
	package
		ADDED from src/main/AndroidManifest.xml:2:5-36
		INJECTED from src/main/AndroidManifest.xml
		INJECTED from src/main/AndroidManifest.xml
	android:versionName
		ADDED from src/main/AndroidManifest.xml:4:5-30
		INJECTED from src/main/AndroidManifest.xml
		INJECTED from src/main/AndroidManifest.xml
	android:versionCode
		ADDED from src/main/AndroidManifest.xml:3:5-28
		INJECTED from src/main/AndroidManifest.xml
		INJECTED from src/main/AndroidManifest.xml
	xmlns:android
		ADDED from src/main/AndroidManifest.xml:1:11-69
uses-permission#android.permission.INTERNET
ADDED from src/main/AndroidManifest.xml:6:5-67
MERGED from [com.google.android.gms:play-services-gcm:11.0.4] AndroidManifest.xml:21:5-66
MERGED from [com.google.android.gms:play-services-iid:11.0.4] AndroidManifest.xml:21:5-66
MERGED from [com.pushbots:pushbots-lib:3.0.3] AndroidManifest.xml:15:5-67
	android:name
		ADDED from src/main/AndroidManifest.xml:6:22-64
uses-permission#android.permission.SYSTEM_ALERT_WINDOW
ADDED from src/main/AndroidManifest.xml:7:5-77
MERGED from [com.facebook.react:react-native:0.52.0] AndroidManifest.xml:11:5-78
	android:name
		ADDED from src/main/AndroidManifest.xml:7:22-75
uses-sdk
ADDED from src/main/AndroidManifest.xml:9:5-11:41
MERGED from [reactnativepusher:pushbots-react-native:unspecified] AndroidManifest.xml:7:5-9:41
MERGED from [com.google.android.gms:play-services-gcm:11.0.4] AndroidManifest.xml:17:5-43
MERGED from [com.google.android.gms:play-services-iid:11.0.4] AndroidManifest.xml:17:5-43
MERGED from [com.google.android.gms:play-services-base:11.0.4] AndroidManifest.xml:17:5-43
MERGED from [com.google.android.gms:play-services-tasks:11.0.4] AndroidManifest.xml:3:5-43
MERGED from [com.google.android.gms:play-services-basement:11.0.4] AndroidManifest.xml:17:5-43
MERGED from [com.pushbots:pushbots-lib:3.0.3] AndroidManifest.xml:6:5-44
MERGED from [com.facebook.react:react-native:0.52.0] AndroidManifest.xml:7:5-9:41
MERGED from [com.android.support:appcompat-v7:23.0.1] AndroidManifest.xml:20:5-43
MERGED from [com.android.support:support-v4:25.2.0] AndroidManifest.xml:21:5-23:54
MERGED from [com.android.support:support-fragment:25.2.0] AndroidManifest.xml:21:5-23:60
MERGED from [com.android.support:support-media-compat:25.2.0] AndroidManifest.xml:21:5-23:63
MERGED from [com.android.support:support-core-ui:25.2.0] AndroidManifest.xml:21:5-23:58
MERGED from [com.android.support:support-core-utils:25.2.0] AndroidManifest.xml:21:5-23:61
MERGED from [com.android.support:support-compat:25.2.0] AndroidManifest.xml:21:5-23:58
MERGED from [com.facebook.fbui.textlayoutbuilder:textlayoutbuilder:1.0.0] AndroidManifest.xml:14:5-16:41
MERGED from [com.facebook.fresco:fresco:1.3.0] AndroidManifest.xml:5:5-7:41
MERGED from [com.facebook.fresco:drawee:1.3.0] AndroidManifest.xml:5:5-7:41
MERGED from [com.facebook.fresco:imagepipeline-okhttp3:1.3.0] AndroidManifest.xml:5:5-7:41
MERGED from [com.facebook.fresco:imagepipeline:1.3.0] AndroidManifest.xml:5:5-7:41
MERGED from [com.facebook.fresco:imagepipeline-base:1.3.0] AndroidManifest.xml:5:5-7:41
MERGED from [com.facebook.fresco:fbcore:1.3.0] AndroidManifest.xml:5:5-7:41
MERGED from [com.facebook.soloader:soloader:0.1.0] AndroidManifest.xml:2:3-70
	tools:overrideLibrary
		ADDED from [com.android.support:support-v4:25.2.0] AndroidManifest.xml:23:9-51
	android:targetSdkVersion
		ADDED from src/main/AndroidManifest.xml:11:9-38
		INJECTED from src/main/AndroidManifest.xml
		INJECTED from src/main/AndroidManifest.xml
	android:minSdkVersion
		ADDED from src/main/AndroidManifest.xml:10:9-35
		INJECTED from src/main/AndroidManifest.xml
		INJECTED from src/main/AndroidManifest.xml
application
ADDED from src/main/AndroidManifest.xml:13:5-30:19
MERGED from [com.google.android.gms:play-services-gcm:11.0.4] AndroidManifest.xml:23:5-19
MERGED from [com.google.android.gms:play-services-iid:11.0.4] AndroidManifest.xml:23:5-19
MERGED from [com.google.android.gms:play-services-base:11.0.4] AndroidManifest.xml:18:5-20:19
MERGED from [com.google.android.gms:play-services-tasks:11.0.4] AndroidManifest.xml:4:5-19
MERGED from [com.google.android.gms:play-services-basement:11.0.4] AndroidManifest.xml:19:5-21:19
MERGED from [com.pushbots:pushbots-lib:3.0.3] AndroidManifest.xml:22:5-45:19
MERGED from [com.facebook.react:react-native:0.52.0] AndroidManifest.xml:13:5-20
MERGED from [com.android.support:appcompat-v7:23.0.1] AndroidManifest.xml:22:5-20
MERGED from [com.android.support:support-v4:25.2.0] AndroidManifest.xml:25:5-20
MERGED from [com.android.support:support-fragment:25.2.0] AndroidManifest.xml:25:5-20
MERGED from [com.android.support:support-media-compat:25.2.0] AndroidManifest.xml:25:5-20
MERGED from [com.android.support:support-core-ui:25.2.0] AndroidManifest.xml:25:5-20
MERGED from [com.android.support:support-core-utils:25.2.0] AndroidManifest.xml:25:5-20
MERGED from [com.android.support:support-compat:25.2.0] AndroidManifest.xml:25:5-20
MERGED from [com.facebook.soloader:soloader:0.1.0] AndroidManifest.xml:3:3-17
MERGED from [org.webkit:android-jsc:r174650] AndroidManifest.xml:2:3-17
	android:label
		ADDED from src/main/AndroidManifest.xml:16:7-39
	android:allowBackup
		ADDED from src/main/AndroidManifest.xml:15:7-33
	android:icon
		ADDED from src/main/AndroidManifest.xml:17:7-41
	android:theme
		ADDED from src/main/AndroidManifest.xml:18:7-38
	android:name
		ADDED from src/main/AndroidManifest.xml:14:7-38
activity#com.reactnativepusher.MainActivity
ADDED from src/main/AndroidManifest.xml:19:7-28:18
	android:label
		ADDED from src/main/AndroidManifest.xml:21:9-41
	android:windowSoftInputMode
		ADDED from src/main/AndroidManifest.xml:23:9-51
	android:configChanges
		ADDED from src/main/AndroidManifest.xml:22:9-79
	android:name
		ADDED from src/main/AndroidManifest.xml:20:9-37
intent-filter#android.intent.action.MAIN+android.intent.category.LAUNCHER
ADDED from src/main/AndroidManifest.xml:24:9-27:25
action#android.intent.action.MAIN
ADDED from src/main/AndroidManifest.xml:25:13-65
	android:name
		ADDED from src/main/AndroidManifest.xml:25:21-62
category#android.intent.category.LAUNCHER
ADDED from src/main/AndroidManifest.xml:26:13-73
	android:name
		ADDED from src/main/AndroidManifest.xml:26:23-70
activity#com.facebook.react.devsupport.DevSettingsActivity
ADDED from src/main/AndroidManifest.xml:29:7-84
	android:name
		ADDED from src/main/AndroidManifest.xml:29:17-81
uses-permission#com.google.android.c2dm.permission.RECEIVE
ADDED from [com.google.android.gms:play-services-gcm:11.0.4] AndroidManifest.xml:20:5-81
MERGED from [com.google.android.gms:play-services-iid:11.0.4] AndroidManifest.xml:20:5-81
MERGED from [com.pushbots:pushbots-lib:3.0.3] AndroidManifest.xml:19:5-82
	android:name
		ADDED from [com.google.android.gms:play-services-gcm:11.0.4] AndroidManifest.xml:20:22-79
activity#com.google.android.gms.common.api.GoogleApiActivity
ADDED from [com.google.android.gms:play-services-base:11.0.4] AndroidManifest.xml:19:9-172
	android:exported
		ADDED from [com.google.android.gms:play-services-base:11.0.4] AndroidManifest.xml:19:146-170
	android:theme
		ADDED from [com.google.android.gms:play-services-base:11.0.4] AndroidManifest.xml:19:86-145
	android:name
		ADDED from [com.google.android.gms:play-services-base:11.0.4] AndroidManifest.xml:19:19-85
meta-data#com.google.android.gms.version
ADDED from [com.google.android.gms:play-services-basement:11.0.4] AndroidManifest.xml:20:9-121
	android:value
		ADDED from [com.google.android.gms:play-services-basement:11.0.4] AndroidManifest.xml:20:66-119
	android:name
		ADDED from [com.google.android.gms:play-services-basement:11.0.4] AndroidManifest.xml:20:20-65
permission#${applicationId}.permission.C2D_MESSAGE
ADDED from [com.pushbots:pushbots-lib:3.0.3] AndroidManifest.xml:8:5-10:47
	android:protectionLevel
		ADDED from [com.pushbots:pushbots-lib:3.0.3] AndroidManifest.xml:10:9-44
	android:name
		ADDED from [com.pushbots:pushbots-lib:3.0.3] AndroidManifest.xml:9:9-63
uses-permission#${applicationId}.permission.C2D_MESSAGE
ADDED from [com.pushbots:pushbots-lib:3.0.3] AndroidManifest.xml:12:5-79
	android:name
		ADDED from [com.pushbots:pushbots-lib:3.0.3] AndroidManifest.xml:12:22-76
uses-permission#android.permission.ACCESS_NETWORK_STATE
ADDED from [com.pushbots:pushbots-lib:3.0.3] AndroidManifest.xml:16:5-79
	android:name
		ADDED from [com.pushbots:pushbots-lib:3.0.3] AndroidManifest.xml:16:22-76
uses-permission#android.permission.GET_ACCOUNTS
ADDED from [com.pushbots:pushbots-lib:3.0.3] AndroidManifest.xml:17:5-71
	android:name
		ADDED from [com.pushbots:pushbots-lib:3.0.3] AndroidManifest.xml:17:22-68
uses-permission#android.permission.WAKE_LOCK
ADDED from [com.pushbots:pushbots-lib:3.0.3] AndroidManifest.xml:18:5-68
	android:name
		ADDED from [com.pushbots:pushbots-lib:3.0.3] AndroidManifest.xml:18:22-65
uses-permission#android.permission.VIBRATE
ADDED from [com.pushbots:pushbots-lib:3.0.3] AndroidManifest.xml:20:5-66
	android:name
		ADDED from [com.pushbots:pushbots-lib:3.0.3] AndroidManifest.xml:20:22-63
meta-data#pushbots_app_id
ADDED from [com.pushbots:pushbots-lib:3.0.3] AndroidManifest.xml:23:9-25:50
	android:value
		ADDED from [com.pushbots:pushbots-lib:3.0.3] AndroidManifest.xml:25:13-47
	android:name
		ADDED from [com.pushbots:pushbots-lib:3.0.3] AndroidManifest.xml:24:13-43
meta-data#google_sender_id
ADDED from [com.pushbots:pushbots-lib:3.0.3] AndroidManifest.xml:26:9-28:53
	android:value
		ADDED from [com.pushbots:pushbots-lib:3.0.3] AndroidManifest.xml:28:13-50
	android:name
		ADDED from [com.pushbots:pushbots-lib:3.0.3] AndroidManifest.xml:27:13-44
meta-data#pushbots_loglevel
ADDED from [com.pushbots:pushbots-lib:3.0.3] AndroidManifest.xml:29:9-31:52
	android:value
		ADDED from [com.pushbots:pushbots-lib:3.0.3] AndroidManifest.xml:31:13-49
	android:name
		ADDED from [com.pushbots:pushbots-lib:3.0.3] AndroidManifest.xml:30:13-45
receiver#com.pushbots.push.GCMBroadcastReceiver
ADDED from [com.pushbots:pushbots-lib:3.0.3] AndroidManifest.xml:33:9-41:20
	android:permission
		ADDED from [com.pushbots:pushbots-lib:3.0.3] AndroidManifest.xml:35:13-73
	android:name
		ADDED from [com.pushbots:pushbots-lib:3.0.3] AndroidManifest.xml:34:13-66
intent-filter#${applicationId}+com.google.android.c2dm.intent.RECEIVE
ADDED from [com.pushbots:pushbots-lib:3.0.3] AndroidManifest.xml:36:13-40:29
action#com.google.android.c2dm.intent.RECEIVE
ADDED from [com.pushbots:pushbots-lib:3.0.3] AndroidManifest.xml:37:17-81
	android:name
		ADDED from [com.pushbots:pushbots-lib:3.0.3] AndroidManifest.xml:37:25-78
category#${applicationId}
ADDED from [com.pushbots:pushbots-lib:3.0.3] AndroidManifest.xml:39:17-61
	android:name
		ADDED from [com.pushbots:pushbots-lib:3.0.3] AndroidManifest.xml:39:27-58
receiver#com.pushbots.push.DefaultPushHandler
ADDED from [com.pushbots:pushbots-lib:3.0.3] AndroidManifest.xml:42:9-73
	android:name
		ADDED from [com.pushbots:pushbots-lib:3.0.3] AndroidManifest.xml:42:19-70
service#com.pushbots.push.GCMIntentService
ADDED from [com.pushbots:pushbots-lib:3.0.3] AndroidManifest.xml:44:9-70
	android:name
		ADDED from [com.pushbots:pushbots-lib:3.0.3] AndroidManifest.xml:44:18-67
android:uses-permission#android.permission.WRITE_EXTERNAL_STORAGE
IMPLIED from src/main/AndroidManifest.xml:1:1-32:12 reason: org.webkit.android_jsc has a targetSdkVersion < 4
android:uses-permission#android.permission.READ_PHONE_STATE
IMPLIED from src/main/AndroidManifest.xml:1:1-32:12 reason: org.webkit.android_jsc has a targetSdkVersion < 4
android:uses-permission#android.permission.READ_EXTERNAL_STORAGE
IMPLIED from src/main/AndroidManifest.xml:1:1-32:12 reason: org.webkit.android_jsc requested WRITE_EXTERNAL_STORAGE